[2023-06-04 18:20:40,878] multiqc                                            [DEBUG  ]  This is MultiQC v1.14
[2023-06-04 18:20:40,879] multiqc                                            [DEBUG  ]  Command used: /home/victor/Project/DeepVariant/.snakemake/conda/5d3bd90b7fe2ed0f9236642445b2156d_/bin/multiqc --force -o report -n fastp_multiqc.html report
[2023-06-04 18:20:43,581] multiqc                                            [DEBUG  ]  Latest MultiQC version is v1.14
[2023-06-04 18:20:43,582] multiqc                                            [DEBUG  ]  Working dir : /home/victor/Project/DeepVariant
[2023-06-04 18:20:43,582] multiqc                                            [DEBUG  ]  Template    : default
[2023-06-04 18:20:43,582] multiqc                                            [DEBUG  ]  Running Python 3.11.3 | packaged by conda-forge | (main, Apr  6 2023, 08:57:19) [GCC 11.3.0]
[2023-06-04 18:20:43,583] multiqc                                            [DEBUG  ]  Analysing modules: custom_content, ccs, ngsderive, purple, conpair, lima, peddy, somalier, methylQA, mosdepth, phantompeakqualtools, qualimap, preseq, hifiasm, quast, qorts, rna_seqc, rockhopper, rsem, rseqc, busco, bustools, goleft_indexcov, gffcompare, disambiguate, supernova, deeptools, sargasso, verifybamid, mirtrace, happy, mirtop, sambamba, gopeaks, homer, hops, macs2, theta2, snpeff, gatk, htseq, bcftools, featureCounts, fgbio, dragen, dragen_fastqc, dedup, pbmarkdup, damageprofiler, biobambam2, jcvi, mtnucratio, picard, vep, sentieon, prokka, qc3C, nanostat, samblaster, samtools, sexdeterrmine, eigenstratdatabasetools, bamtools, jellyfish, vcftools, longranger, stacks, varscan2, snippy, umitools, bbmap, bismark, biscuit, diamond, hicexplorer, hicup, hicpro, salmon, kallisto, slamdunk, star, hisat2, tophat, bowtie2, bowtie1, cellranger, snpsplit, odgi, pangolin, nextclade, humid, kat, leehom, adapterRemoval, bbduk, clipandmerge, cutadapt, flexbar, kaiju, kraken, malt, motus, trimmomatic, sickle, skewer, sortmerna, biobloomtools, fastq_screen, afterqc, fastp, fastqc, filtlong, prinseqplusplus, pychopper, porechop, pycoqc, minionqc, anglerfish, multivcfanalyzer, clusterflow, checkqc, bcl2fastq, bclconvert, interop, ivar, flash, seqyclean, optitype, whatshap
[2023-06-04 18:20:43,583] multiqc                                            [DEBUG  ]  Using temporary directory for creating report: /tmp/tmpecqa538o
[2023-06-04 18:20:44,100] multiqc                                            [INFO   ]  Search path : /home/victor/Project/DeepVariant/report
[2023-06-04 18:20:44,134] multiqc                                            [DEBUG  ]  Summary of files that were skipped by the search: []
[2023-06-04 18:20:49,214] multiqc.plots.bargraph                             [DEBUG  ]  Using matplotlib version 3.7.1
[2023-06-04 18:20:49,219] multiqc.plots.linegraph                            [DEBUG  ]  Using matplotlib version 3.7.1
[2023-06-04 18:20:49,231] multiqc                                            [DEBUG  ]  No samples found: custom_content
[2023-06-04 18:20:49,306] multiqc.modules.fastp.fastp                        [DEBUG  ]  fastp JSON did not have a 'adapter_cutting' key, skipping: 'SRR24443168.fastp.json'
[2023-06-04 18:20:49,306] multiqc.modules.fastp.fastp                        [DEBUG  ]  Could not calculate 'pct_adapter' (KeyError): SRR24443168.fastp.json
[2023-06-04 18:20:49,306] multiqc.modules.fastp.fastp                        [DEBUG  ]  No duplication rate plot data: SRR24443168.fastp.json
[2023-06-04 18:20:49,306] multiqc.modules.fastp.fastp                        [DEBUG  ]  No insert size plot data: SRR24443168.fastp.json
[2023-06-04 18:20:49,307] multiqc.modules.fastp.fastp                        [DEBUG  ]  Read quality read2_before_filtering not found: SRR24443168.fastp.json
[2023-06-04 18:20:49,307] multiqc.modules.fastp.fastp                        [DEBUG  ]  Content curve data read2_before_filtering not found: SRR24443168.fastp.json
[2023-06-04 18:20:49,307] multiqc.modules.fastp.fastp                        [DEBUG  ]  Read quality read2_after_filtering not found: SRR24443168.fastp.json
[2023-06-04 18:20:49,307] multiqc.modules.fastp.fastp                        [DEBUG  ]  Content curve data read2_after_filtering not found: SRR24443168.fastp.json
[2023-06-04 18:20:49,326] multiqc.modules.fastp.fastp                        [DEBUG  ]  fastp JSON did not have a 'adapter_cutting' key, skipping: 'SRR24443166.fastp.json'
[2023-06-04 18:20:49,326] multiqc.modules.fastp.fastp                        [DEBUG  ]  Could not calculate 'pct_adapter' (KeyError): SRR24443166.fastp.json
[2023-06-04 18:20:49,326] multiqc.modules.fastp.fastp                        [DEBUG  ]  No duplication rate plot data: SRR24443166.fastp.json
[2023-06-04 18:20:49,326] multiqc.modules.fastp.fastp                        [DEBUG  ]  No insert size plot data: SRR24443166.fastp.json
[2023-06-04 18:20:49,326] multiqc.modules.fastp.fastp                        [DEBUG  ]  Read quality read2_before_filtering not found: SRR24443166.fastp.json
[2023-06-04 18:20:49,326] multiqc.modules.fastp.fastp                        [DEBUG  ]  Content curve data read2_before_filtering not found: SRR24443166.fastp.json
[2023-06-04 18:20:49,326] multiqc.modules.fastp.fastp                        [DEBUG  ]  Read quality read2_after_filtering not found: SRR24443166.fastp.json
[2023-06-04 18:20:49,326] multiqc.modules.fastp.fastp                        [DEBUG  ]  Content curve data read2_after_filtering not found: SRR24443166.fastp.json
[2023-06-04 18:20:49,353] multiqc.modules.fastp.fastp                        [DEBUG  ]  fastp JSON did not have a 'adapter_cutting' key, skipping: 'SRR24443169.fastp.json'
[2023-06-04 18:20:49,354] multiqc.modules.fastp.fastp                        [DEBUG  ]  Could not calculate 'pct_adapter' (KeyError): SRR24443169.fastp.json
[2023-06-04 18:20:49,354] multiqc.modules.fastp.fastp                        [DEBUG  ]  No duplication rate plot data: SRR24443169.fastp.json
[2023-06-04 18:20:49,354] multiqc.modules.fastp.fastp                        [DEBUG  ]  No insert size plot data: SRR24443169.fastp.json
[2023-06-04 18:20:49,354] multiqc.modules.fastp.fastp                        [DEBUG  ]  Read quality read2_before_filtering not found: SRR24443169.fastp.json
[2023-06-04 18:20:49,354] multiqc.modules.fastp.fastp                        [DEBUG  ]  Content curve data read2_before_filtering not found: SRR24443169.fastp.json
[2023-06-04 18:20:49,354] multiqc.modules.fastp.fastp                        [DEBUG  ]  Read quality read2_after_filtering not found: SRR24443169.fastp.json
[2023-06-04 18:20:49,354] multiqc.modules.fastp.fastp                        [DEBUG  ]  Content curve data read2_after_filtering not found: SRR24443169.fastp.json
[2023-06-04 18:20:49,357] multiqc.modules.fastp.fastp                        [INFO   ]  Found 3 reports
[2023-06-04 18:20:49,404] multiqc                                            [INFO   ]  Compressing plot data
[2023-06-04 18:20:49,620] multiqc                                            [INFO   ]  Report      : report/fastp_multiqc.html
[2023-06-04 18:20:49,621] multiqc                                            [INFO   ]  Data        : report/fastp_multiqc_data
[2023-06-04 18:20:49,621] multiqc                                            [DEBUG  ]  Moving data file from '/tmp/tmpecqa538o/multiqc_data' to 'report/fastp_multiqc_data'
[2023-06-04 18:20:50,638] multiqc                                            [INFO   ]  MultiQC complete
